c:\users\msı\source\repos\hwıdspoofer\hwıdspoofer\x64\release\vc142.pdb
c:\users\msı\source\repos\hwıdspoofer\hwıdspoofer\x64\release\maın.obj
c:\users\msı\source\repos\hwıdspoofer\hwıdspoofer\x64\release\ımguı_wıdgets.obj
c:\users\msı\source\repos\hwıdspoofer\hwıdspoofer\x64\release\ımguı_tables.obj
c:\users\msı\source\repos\hwıdspoofer\hwıdspoofer\x64\release\ımguı_ımpl_wın32.obj
c:\users\msı\source\repos\hwıdspoofer\hwıdspoofer\x64\release\ımguı_ımpl_dx9.obj
c:\users\msı\source\repos\hwıdspoofer\hwıdspoofer\x64\release\ımguı_draw.obj
c:\users\msı\source\repos\hwıdspoofer\hwıdspoofer\x64\release\ımguı_demo.obj
c:\users\msı\source\repos\hwıdspoofer\hwıdspoofer\x64\release\ımguı.obj
c:\users\msı\source\repos\hwıdspoofer\x64\release\hwıdspoofer.exe
c:\users\msı\source\repos\hwıdspoofer\hwıdspoofer\x64\release\hwıdspoofer.ıpdb
c:\users\msı\source\repos\hwıdspoofer\hwıdspoofer\x64\release\hwıdspoofer.ıobj
c:\users\msı\source\repos\hwıdspoofer\x64\release\hwıdspoofer.pdb
c:\users\msi\source\repos\hwidspoofer\hwidspoofer\x64\release\imgui.obj
c:\users\msi\source\repos\hwidspoofer\hwidspoofer\x64\release\imgui_demo.obj
c:\users\msi\source\repos\hwidspoofer\hwidspoofer\x64\release\imgui_draw.obj
c:\users\msi\source\repos\hwidspoofer\hwidspoofer\x64\release\imgui_impl_dx9.obj
c:\users\msi\source\repos\hwidspoofer\hwidspoofer\x64\release\imgui_impl_win32.obj
c:\users\msi\source\repos\hwidspoofer\hwidspoofer\x64\release\imgui_tables.obj
c:\users\msi\source\repos\hwidspoofer\hwidspoofer\x64\release\imgui_widgets.obj
c:\users\msi\source\repos\hwidspoofer\hwidspoofer\x64\release\main.obj
c:\users\msi\source\repos\hwidspoofer\hwidspoofer\x64\release\hwidspoofer.ipdb
c:\users\msi\source\repos\hwidspoofer\hwidspoofer\x64\release\hwidspoofer.iobj
c:\users\msi\source\repos\hwidspoofer\hwidspoofer\x64\release\vc142.pdb
c:\users\msi\source\repos\hwidspoofer\x64\release\hwidspoofer.pdb
c:\users\msi\source\repos\hwidspoofer\x64\release\hwidspoofer.exe
c:\users\msi\source\repos\hwidspoofer\hwidspoofer\x64\release\hwidspoofer.tlog\cl.command.1.tlog
c:\users\msi\source\repos\hwidspoofer\hwidspoofer\x64\release\hwidspoofer.tlog\cl.read.1.tlog
c:\users\msi\source\repos\hwidspoofer\hwidspoofer\x64\release\hwidspoofer.tlog\cl.write.1.tlog
c:\users\msi\source\repos\hwidspoofer\hwidspoofer\x64\release\hwidspoofer.tlog\link.command.1.tlog
c:\users\msi\source\repos\hwidspoofer\hwidspoofer\x64\release\hwidspoofer.tlog\link.read.1.tlog
c:\users\msi\source\repos\hwidspoofer\hwidspoofer\x64\release\hwidspoofer.tlog\link.write.1.tlog
